<?xml version="1.0" encoding="UTF-8"?><testsuite errors="0" failures="1" name="Diligenciamiento del formulario" skipped="0" tests="1" time="76.11" timestamp="2024-01-14 03:33:28"><testcase name="Diligenciamiento exitosamente del formulario"><failure message="&#10;Expected: an element that is present&#10;     but: no matching element found by xpath: //h1[@class='text-center text-3xl p-3 m-3'] was not present" type="java.lang.AssertionError">
Expected: an element that is present
     but: no matching element found by xpath: //h1[@class='text-center text-3xl p-3 m-3'] was not present</failure><system-err>
Expected: an element that is present
     but: no matching element found by xpath: //h1[@class='text-center text-3xl p-3 m-3'] was not present&#13;
banco.questions.ElTextoExitoso.answeredBy(ElTextoExitoso.java:22)&#13;
banco.questions.ElTextoExitoso.answeredBy(ElTextoExitoso.java:13)&#13;
banco.stepdefinitions.FormStepDefinitions.debeMostrarElHashConElMensajeExitoso(FormStepDefinitions.java:35)&#13;
cucumber.runner.Runner.runPickle(Runner.java:80)&#13;
worker.org.gradle.process.internal.worker.GradleWorkerMain.run(GradleWorkerMain.java:69)&#13;
worker.org.gradle.process.internal.worker.GradleWorkerMain.main(GradleWorkerMain.java:74)&#13;
</system-err></testcase></testsuite>